<?xml version="1.0" encoding="UTF-8"?>
<!-- Generated by org.testng.reporters.JUnitXMLReporter -->
<testsuite ignored="0" hostname="DESKTOP-JTCIL9C" failures="2" tests="16" name="Test" time="154.592" errors="0" timestamp="2023-09-23T22:18:16 IST">
  <testcase classname="WalmartCaTest.OnboardTest" name="VerifyStep1Link" time="56.664"/>
  <testcase classname="WalmartCaTest.OnboardTest" name="VerifyClickHereLink" time="3.126"/>
  <testcase classname="WalmartCaTest.OnboardTest" name="verifyContactUS" time="3.074"/>
  <testcase classname="WalmartCaTest.OnboardTest" name="uncheckCheckBox" time="3.879"/>
  <testcase classname="WalmartCaTest.OnboardTest" name="checkCheckBox" time="2.522"/>
  <testcase classname="WalmartCaTest.OnboardTest" name="readMoreClickable" time="1.01"/>
  <testcase classname="WalmartCaTest.OnboardTest" name="SellerCenterClickable" time="4.898"/>
  <testcase classname="WalmartCaTest.OnboardTest" name="IfConsumeridIsgiven" time="3.554"/>
  <testcase classname="WalmartCaTest.OnboardTest" name="IfSecretKeyIsgiven" time="3.552"/>
  <testcase classname="WalmartCaTest.OnboardTest" name="BothInvalid" time="3.738"/>
  <testcase classname="WalmartCaTest.OnboardTest" name="BothValid" time="6.576"/>
  <testcase classname="WalmartCaTest.OnboardTest" name="ImportOptionVisible" time="1.749"/>
  <testcase classname="WalmartCaTest.OnboardTest" name="ClickOnApplyFilter" time="2.718"/>
  <testcase classname="WalmartCaTest.OnboardTest" name="selectProductType" time="4.269">
    <failure type="org.openqa.selenium.ElementClickInterceptedException" message="element click intercepted: Element &amp;lt;a href=&amp;quot;javascript:void(0)&amp;quot; onclick=&amp;quot;cedProductImport.getFilterLayout(this)&amp;quot; id=&amp;quot;ced_fetch_by_link&amp;quot; data-value=&amp;quot;product_type&amp;quot;&amp;gt;...&amp;lt;/a&amp;gt; is not clickable at point (336, 534). Other element would receive the click: &amp;lt;div class=&amp;quot;Polaris-ButtonGroup&amp;quot;&amp;gt;...&amp;lt;/div&amp;gt;
  (Session info: chrome=114.0.5735.199)
Build info: version: &amp;apos;4.9.1&amp;apos;, revision: &amp;apos;eb2032df7f&amp;apos;
System info: os.name: &amp;apos;Windows 10&amp;apos;, os.arch: &amp;apos;amd64&amp;apos;, os.version: &amp;apos;10.0&amp;apos;, java.version: &amp;apos;17.0.7&amp;apos;
Driver info: org.openqa.selenium.chrome.ChromeDriver
Command: [60152c8ed296a36b5356b8e55e84fa5f, clickElement {id=C1F34327A1331C77135D2A347A230339_element_487}]
Capabilities {acceptInsecureCerts: false, browserName: chrome, browserVersion: 114.0.5735.199, chrome: {chromedriverVersion: 114.0.5735.90 (386bc09e8f4f..., userDataDir: C:\Users\Rishabh\AppData\Lo...}, goog:chromeOptions: {debuggerAddress: localhost:56631}, networkConnectionEnabled: false, pageLoadStrategy: normal, platformName: windows, proxy: Proxy(), se:cdp: ws://localhost:56631/devtoo..., se:cdpVersion: 114.0.5735.199, setWindowRect: true, strictFileInteractability: false, timeouts: {implicit: 0, pageLoad: 300000, script: 30000}, unhandledPromptBehavior: dismiss and notify, webauthn:extension:credBlob: true, webauthn:extension:largeBlob: true, webauthn:extension:minPinLength: true, webauthn:extension:prf: true, webauthn:virtualAuthenticators: true}
Element: [[ChromeDriver: chrome on windows (60152c8ed296a36b5356b8e55e84fa5f)] -&amp;gt; id: ced_fetch_by_link]
Session ID: 60152c8ed296a36b5356b8e55e84fa5f">
      <![CDATA[org.openqa.selenium.ElementClickInterceptedException: element click intercepted: Element <a href="javascript:void(0)" onclick="cedProductImport.getFilterLayout(this)" id="ced_fetch_by_link" data-value="product_type">...</a> is not clickable at point (336, 534). Other element would receive the click: <div class="Polaris-ButtonGroup">...</div>
  (Session info: chrome=114.0.5735.199)
Build info: version: '4.9.1', revision: 'eb2032df7f'
System info: os.name: 'Windows 10', os.arch: 'amd64', os.version: '10.0', java.version: '17.0.7'
Driver info: org.openqa.selenium.chrome.ChromeDriver
Command: [60152c8ed296a36b5356b8e55e84fa5f, clickElement {id=C1F34327A1331C77135D2A347A230339_element_487}]
Capabilities {acceptInsecureCerts: false, browserName: chrome, browserVersion: 114.0.5735.199, chrome: {chromedriverVersion: 114.0.5735.90 (386bc09e8f4f..., userDataDir: C:\Users\Rishabh\AppData\Lo...}, goog:chromeOptions: {debuggerAddress: localhost:56631}, networkConnectionEnabled: false, pageLoadStrategy: normal, platformName: windows, proxy: Proxy(), se:cdp: ws://localhost:56631/devtoo..., se:cdpVersion: 114.0.5735.199, setWindowRect: true, strictFileInteractability: false, timeouts: {implicit: 0, pageLoad: 300000, script: 30000}, unhandledPromptBehavior: dismiss and notify, webauthn:extension:credBlob: true, webauthn:extension:largeBlob: true, webauthn:extension:minPinLength: true, webauthn:extension:prf: true, webauthn:virtualAuthenticators: true}
Element: [[ChromeDriver: chrome on windows (60152c8ed296a36b5356b8e55e84fa5f)] -> id: ced_fetch_by_link]
Session ID: 60152c8ed296a36b5356b8e55e84fa5f
at org.openqa.selenium.remote.codec.w3c.W3CHttpResponseCodec.createException(W3CHttpResponseCodec.java:200)
at org.openqa.selenium.remote.codec.w3c.W3CHttpResponseCodec.decode(W3CHttpResponseCodec.java:133)
at org.openqa.selenium.remote.codec.w3c.W3CHttpResponseCodec.decode(W3CHttpResponseCodec.java:53)
at org.openqa.selenium.remote.HttpCommandExecutor.execute(HttpCommandExecutor.java:193)
at org.openqa.selenium.remote.service.DriverCommandExecutor.invokeExecute(DriverCommandExecutor.java:183)
at org.openqa.selenium.remote.service.DriverCommandExecutor.execute(DriverCommandExecutor.java:158)
at org.openqa.selenium.remote.RemoteWebDriver.execute(RemoteWebDriver.java:543)
at org.openqa.selenium.remote.RemoteWebElement.execute(RemoteWebElement.java:257)
at org.openqa.selenium.remote.RemoteWebElement.click(RemoteWebElement.java:78)
at WalmartCa.webutility.utilities.ElementClick(utilities.java:24)
at WalmartCa.PageObjects.OnboardStep2Object.optionTobeFetch(OnboardStep2Object.java:101)
at WalmartCa.PageObjects.OnboardStep2Object.selectProductType(OnboardStep2Object.java:88)
at WalmartCaTest.OnboardTest.selectProductType(OnboardTest.java:149)
at java.base/java.util.ArrayList.forEach(ArrayList.java:1511)
... Removed 32 stack frames]]>
    </failure>
  </testcase> <!-- selectProductType -->
  <testcase classname="WalmartCaTest.OnboardTest" name="selectProductVendor" time="3.99"/>
  <testcase classname="WalmartCaTest.OnboardTest" name="selectCollection" time="49.066">
    <failure type="java.lang.AssertionError" message="Collection options are not showing expected [true] but found [false]">
      <![CDATA[java.lang.AssertionError: Collection options are not showing expected [true] but found [false]
at WalmartCaTest.OnboardTest.selectCollection(OnboardTest.java:165)
at java.base/java.util.ArrayList.forEach(ArrayList.java:1511)
... Removed 30 stack frames]]>
    </failure>
  </testcase> <!-- selectCollection -->
</testsuite> <!-- Test -->
