<?xml version="1.0" encoding="UTF-8"?>
<!-- Generated by org.testng.reporters.JUnitXMLReporter -->
<testsuite ignored="10" hostname="DESKTOP-JTCIL9C" failures="11" tests="11" name="Test" time="42.745" errors="0" timestamp="2023-09-25T19:51:39 IST">
  <testcase classname="WalmartCaTest.OnboardTest" name="VerifyStep1Link" time="42.357">
    <failure type="org.openqa.selenium.ElementClickInterceptedException" message="element click intercepted: Element &amp;lt;button class=&amp;quot;dQQabkSmBTfgBjKaboio&amp;quot; type=&amp;quot;submit&amp;quot;&amp;gt;...&amp;lt;/button&amp;gt; is not clickable at point (1315, 328). Other element would receive the click: &amp;lt;li class=&amp;quot;Polaris-ResourceList__SpinnerContainer&amp;quot; style=&amp;quot;padding-top: 185.1px;&amp;quot;&amp;gt;...&amp;lt;/li&amp;gt;
  (Session info: chrome=114.0.5735.199)
Build info: version: &amp;apos;4.9.1&amp;apos;, revision: &amp;apos;eb2032df7f&amp;apos;
System info: os.name: &amp;apos;Windows 10&amp;apos;, os.arch: &amp;apos;amd64&amp;apos;, os.version: &amp;apos;10.0&amp;apos;, java.version: &amp;apos;17.0.7&amp;apos;
Driver info: org.openqa.selenium.chrome.ChromeDriver
Command: [b7e252470bdf9d826688ce2a4709b41f, clickElement {id=07F709E0A91444EC37BB8FD4C8A6C7FE_element_93}]
Capabilities {acceptInsecureCerts: false, browserName: chrome, browserVersion: 114.0.5735.199, chrome: {chromedriverVersion: 114.0.5735.90 (386bc09e8f4f..., userDataDir: C:\Users\Rishabh\AppData\Lo...}, goog:chromeOptions: {debuggerAddress: localhost:53143}, networkConnectionEnabled: false, pageLoadStrategy: normal, platformName: windows, proxy: Proxy(), se:cdp: ws://localhost:53143/devtoo..., se:cdpVersion: 114.0.5735.199, setWindowRect: true, strictFileInteractability: false, timeouts: {implicit: 0, pageLoad: 300000, script: 30000}, unhandledPromptBehavior: dismiss and notify, webauthn:extension:credBlob: true, webauthn:extension:largeBlob: true, webauthn:extension:minPinLength: true, webauthn:extension:prf: true, webauthn:virtualAuthenticators: true}
Element: [[ChromeDriver: chrome on windows (b7e252470bdf9d826688ce2a4709b41f)] -&amp;gt; css selector: button[class=&amp;apos;dQQabkSmBTfgBjKaboio&amp;apos;]]
Session ID: b7e252470bdf9d826688ce2a4709b41f">
      <![CDATA[org.openqa.selenium.ElementClickInterceptedException: element click intercepted: Element <button class="dQQabkSmBTfgBjKaboio" type="submit">...</button> is not clickable at point (1315, 328). Other element would receive the click: <li class="Polaris-ResourceList__SpinnerContainer" style="padding-top: 185.1px;">...</li>
  (Session info: chrome=114.0.5735.199)
Build info: version: '4.9.1', revision: 'eb2032df7f'
System info: os.name: 'Windows 10', os.arch: 'amd64', os.version: '10.0', java.version: '17.0.7'
Driver info: org.openqa.selenium.chrome.ChromeDriver
Command: [b7e252470bdf9d826688ce2a4709b41f, clickElement {id=07F709E0A91444EC37BB8FD4C8A6C7FE_element_93}]
Capabilities {acceptInsecureCerts: false, browserName: chrome, browserVersion: 114.0.5735.199, chrome: {chromedriverVersion: 114.0.5735.90 (386bc09e8f4f..., userDataDir: C:\Users\Rishabh\AppData\Lo...}, goog:chromeOptions: {debuggerAddress: localhost:53143}, networkConnectionEnabled: false, pageLoadStrategy: normal, platformName: windows, proxy: Proxy(), se:cdp: ws://localhost:53143/devtoo..., se:cdpVersion: 114.0.5735.199, setWindowRect: true, strictFileInteractability: false, timeouts: {implicit: 0, pageLoad: 300000, script: 30000}, unhandledPromptBehavior: dismiss and notify, webauthn:extension:credBlob: true, webauthn:extension:largeBlob: true, webauthn:extension:minPinLength: true, webauthn:extension:prf: true, webauthn:virtualAuthenticators: true}
Element: [[ChromeDriver: chrome on windows (b7e252470bdf9d826688ce2a4709b41f)] -> css selector: button[class='dQQabkSmBTfgBjKaboio']]
Session ID: b7e252470bdf9d826688ce2a4709b41f
at org.openqa.selenium.remote.codec.w3c.W3CHttpResponseCodec.createException(W3CHttpResponseCodec.java:200)
at org.openqa.selenium.remote.codec.w3c.W3CHttpResponseCodec.decode(W3CHttpResponseCodec.java:133)
at org.openqa.selenium.remote.codec.w3c.W3CHttpResponseCodec.decode(W3CHttpResponseCodec.java:53)
at org.openqa.selenium.remote.HttpCommandExecutor.execute(HttpCommandExecutor.java:193)
at org.openqa.selenium.remote.service.DriverCommandExecutor.invokeExecute(DriverCommandExecutor.java:183)
at org.openqa.selenium.remote.service.DriverCommandExecutor.execute(DriverCommandExecutor.java:158)
at org.openqa.selenium.remote.RemoteWebDriver.execute(RemoteWebDriver.java:543)
at org.openqa.selenium.remote.RemoteWebElement.execute(RemoteWebElement.java:257)
at org.openqa.selenium.remote.RemoteWebElement.click(RemoteWebElement.java:78)
at WalmartCa.PageObjects.launcherObject.runonOldStore(launcherObject.java:107)
at WalmartCa.PageObjects.launcherObject.launchApplication(launcherObject.java:34)
at WalmartCaTest.OnboardTest.VerifyStep1Link(OnboardTest.java:26)
at java.base/java.util.ArrayList.forEach(ArrayList.java:1511)
... Removed 32 stack frames]]>
    </failure>
  </testcase> <!-- VerifyStep1Link -->
  <testcase classname="WalmartCaTest.OnboardTest" name="IfConsumeridIsgiven" time="0.016">
    <failure type="java.lang.NullPointerException" message="Cannot invoke &amp;quot;WalmartCa.PageObjects.OnboardStep1Object.fillCredientials(String, String)&amp;quot; because &amp;quot;this.obj1&amp;quot; is null">
      <![CDATA[java.lang.NullPointerException: Cannot invoke "WalmartCa.PageObjects.OnboardStep1Object.fillCredientials(String, String)" because "this.obj1" is null
at WalmartCaTest.OnboardTest.IfConsumeridIsgiven(OnboardTest.java:88)
at java.base/java.util.ArrayList.forEach(ArrayList.java:1511)
... Removed 27 stack frames]]>
    </failure>
  </testcase> <!-- IfConsumeridIsgiven -->
  <testcase classname="WalmartCaTest.OnboardTest" name="BothValid" time="0.006">
    <failure type="java.lang.NullPointerException" message="Cannot invoke &amp;quot;WalmartCa.PageObjects.OnboardStep1Object.EnterStep2(String, String)&amp;quot; because &amp;quot;this.obj1&amp;quot; is null">
      <![CDATA[java.lang.NullPointerException: Cannot invoke "WalmartCa.PageObjects.OnboardStep1Object.EnterStep2(String, String)" because "this.obj1" is null
at WalmartCaTest.OnboardTest.BothValid(OnboardTest.java:121)
at java.base/java.util.ArrayList.forEach(ArrayList.java:1511)
... Removed 27 stack frames]]>
    </failure>
  </testcase> <!-- BothValid -->
  <testcase classname="WalmartCaTest.OnboardTest" name="selectProductType" time="0.003">
    <failure type="java.lang.NullPointerException" message="Cannot invoke &amp;quot;WalmartCa.PageObjects.OnboardStep2Object.Import(int)&amp;quot; because &amp;quot;this.obj2&amp;quot; is null">
      <![CDATA[java.lang.NullPointerException: Cannot invoke "WalmartCa.PageObjects.OnboardStep2Object.Import(int)" because "this.obj2" is null
at WalmartCaTest.OnboardTest.selectProductType(OnboardTest.java:149)
at java.base/java.util.ArrayList.forEach(ArrayList.java:1511)
... Removed 27 stack frames]]>
    </failure>
  </testcase> <!-- selectProductType -->
  <testcase classname="WalmartCaTest.OnboardTest" name="selectProductVendor" time="0.005">
    <failure type="java.lang.NullPointerException" message="Cannot invoke &amp;quot;WalmartCa.PageObjects.OnboardStep2Object.Import(int)&amp;quot; because &amp;quot;this.obj2&amp;quot; is null">
      <![CDATA[java.lang.NullPointerException: Cannot invoke "WalmartCa.PageObjects.OnboardStep2Object.Import(int)" because "this.obj2" is null
at WalmartCaTest.OnboardTest.selectProductVendor(OnboardTest.java:156)
at java.base/java.util.ArrayList.forEach(ArrayList.java:1511)
... Removed 27 stack frames]]>
    </failure>
  </testcase> <!-- selectProductVendor -->
  <testcase classname="WalmartCaTest.OnboardTest" name="selectCollection" time="0.012">
    <failure type="java.lang.NullPointerException" message="Cannot invoke &amp;quot;WalmartCa.PageObjects.OnboardStep2Object.Import(int)&amp;quot; because &amp;quot;this.obj2&amp;quot; is null">
      <![CDATA[java.lang.NullPointerException: Cannot invoke "WalmartCa.PageObjects.OnboardStep2Object.Import(int)" because "this.obj2" is null
at WalmartCaTest.OnboardTest.selectCollection(OnboardTest.java:163)
at java.base/java.util.ArrayList.forEach(ArrayList.java:1511)
... Removed 27 stack frames]]>
    </failure>
  </testcase> <!-- selectCollection -->
  <testcase classname="WalmartCaTest.OnboardTest" name="SelectPublishProduct" time="0.006">
    <failure type="java.lang.NullPointerException" message="Cannot invoke &amp;quot;WalmartCa.PageObjects.OnboardStep2Object.ClickPublishProductImport(int)&amp;quot; because &amp;quot;this.obj2&amp;quot; is null">
      <![CDATA[java.lang.NullPointerException: Cannot invoke "WalmartCa.PageObjects.OnboardStep2Object.ClickPublishProductImport(int)" because "this.obj2" is null
at WalmartCaTest.OnboardTest.SelectPublishProduct(OnboardTest.java:171)
at java.base/java.util.ArrayList.forEach(ArrayList.java:1511)
... Removed 27 stack frames]]>
    </failure>
  </testcase> <!-- SelectPublishProduct -->
  <testcase classname="WalmartCaTest.OnboardTest" name="SelectAllProduct" time="0.002">
    <failure type="java.lang.NullPointerException" message="Cannot invoke &amp;quot;WalmartCa.PageObjects.OnboardStep2Object.ClickPublishProductImport(int)&amp;quot; because &amp;quot;this.obj2&amp;quot; is null">
      <![CDATA[java.lang.NullPointerException: Cannot invoke "WalmartCa.PageObjects.OnboardStep2Object.ClickPublishProductImport(int)" because "this.obj2" is null
at WalmartCaTest.OnboardTest.SelectAllProduct(OnboardTest.java:179)
at java.base/java.util.ArrayList.forEach(ArrayList.java:1511)
... Removed 27 stack frames]]>
    </failure>
  </testcase> <!-- SelectAllProduct -->
  <testcase classname="WalmartCaTest.OnboardTest" name="SelectAnyCollectionandClickOnImport" time="0.005">
    <failure type="java.lang.NullPointerException" message="Cannot invoke &amp;quot;WalmartCa.PageObjects.OnboardStep2Object.ImportBycollection(int)&amp;quot; because &amp;quot;this.obj2&amp;quot; is null">
      <![CDATA[java.lang.NullPointerException: Cannot invoke "WalmartCa.PageObjects.OnboardStep2Object.ImportBycollection(int)" because "this.obj2" is null
at WalmartCaTest.OnboardTest.SelectAnyCollectionandClickOnImport(OnboardTest.java:186)
at java.base/java.util.ArrayList.forEach(ArrayList.java:1511)
... Removed 27 stack frames]]>
    </failure>
  </testcase> <!-- SelectAnyCollectionandClickOnImport -->
  <testcase classname="WalmartCaTest.OnboardTest" name="SelectAnyvendorandClickOnImport" time="0.025">
    <failure type="java.lang.NullPointerException" message="Cannot invoke &amp;quot;WalmartCa.PageObjects.OnboardStep2Object.ImportByVendor(int)&amp;quot; because &amp;quot;this.obj2&amp;quot; is null">
      <![CDATA[java.lang.NullPointerException: Cannot invoke "WalmartCa.PageObjects.OnboardStep2Object.ImportByVendor(int)" because "this.obj2" is null
at WalmartCaTest.OnboardTest.SelectAnyvendorandClickOnImport(OnboardTest.java:193)
at java.base/java.util.ArrayList.forEach(ArrayList.java:1511)
... Removed 27 stack frames]]>
    </failure>
  </testcase> <!-- SelectAnyvendorandClickOnImport -->
  <testcase classname="WalmartCaTest.OnboardTest" name="SelectAnytypeandClickOnImport" time="0.006">
    <failure type="java.lang.NullPointerException" message="Cannot invoke &amp;quot;WalmartCa.PageObjects.OnboardStep2Object.ImportBytype(int)&amp;quot; because &amp;quot;this.obj2&amp;quot; is null">
      <![CDATA[java.lang.NullPointerException: Cannot invoke "WalmartCa.PageObjects.OnboardStep2Object.ImportBytype(int)" because "this.obj2" is null
at WalmartCaTest.OnboardTest.SelectAnytypeandClickOnImport(OnboardTest.java:200)
at java.base/java.util.ArrayList.forEach(ArrayList.java:1511)
... Removed 27 stack frames]]>
    </failure>
  </testcase> <!-- SelectAnytypeandClickOnImport -->
  <testcase classname="WalmartCaTest.OnboardTest" name="readMoreClickable" time="0.0">
    <ignored/>
  </testcase> <!-- readMoreClickable -->
  <testcase classname="WalmartCaTest.OnboardTest" name="verifyContactUS" time="0.0">
    <ignored/>
  </testcase> <!-- verifyContactUS -->
  <testcase classname="WalmartCaTest.OnboardTest" name="BothInvalid" time="0.0">
    <ignored/>
  </testcase> <!-- BothInvalid -->
  <testcase classname="WalmartCaTest.OnboardTest" name="uncheckCheckBox" time="0.0">
    <ignored/>
  </testcase> <!-- uncheckCheckBox -->
  <testcase classname="WalmartCaTest.OnboardTest" name="VerifyClickHereLink" time="0.0">
    <ignored/>
  </testcase> <!-- VerifyClickHereLink -->
  <testcase classname="WalmartCaTest.OnboardTest" name="checkCheckBox" time="0.0">
    <ignored/>
  </testcase> <!-- checkCheckBox -->
  <testcase classname="WalmartCaTest.OnboardTest" name="ImportOptionVisible" time="0.0">
    <ignored/>
  </testcase> <!-- ImportOptionVisible -->
  <testcase classname="WalmartCaTest.OnboardTest" name="SellerCenterClickable" time="0.0">
    <ignored/>
  </testcase> <!-- SellerCenterClickable -->
  <testcase classname="WalmartCaTest.OnboardTest" name="ClickOnApplyFilter" time="0.0">
    <ignored/>
  </testcase> <!-- ClickOnApplyFilter -->
  <testcase classname="WalmartCaTest.OnboardTest" name="IfSecretKeyIsgiven" time="0.0">
    <ignored/>
  </testcase> <!-- IfSecretKeyIsgiven -->
</testsuite> <!-- Test -->
