<?xml version="1.0" encoding="UTF-8"?>
<!-- Generated by org.testng.reporters.JUnitXMLReporter -->
<testsuite ignored="10" hostname="rishabh-1853" failures="0" tests="11" name="Test" time="148.392" errors="0" timestamp="2023-09-25T21:26:21 IST">
  <testcase classname="WalmartCaTest.OnboardTest" name="VerifyStep1Link" time="61.373"/>
  <testcase classname="WalmartCaTest.OnboardTest" name="IfConsumeridIsgiven" time="3.353"/>
  <testcase classname="WalmartCaTest.OnboardTest" name="BothValid" time="6.611"/>
  <testcase classname="WalmartCaTest.OnboardTest" name="selectProductType" time="49.155"/>
  <testcase classname="WalmartCaTest.OnboardTest" name="selectProductVendor" time="4.131"/>
  <testcase classname="WalmartCaTest.OnboardTest" name="selectCollection" time="3.95"/>
  <testcase classname="WalmartCaTest.OnboardTest" name="SelectPublishProduct" time="2.552"/>
  <testcase classname="WalmartCaTest.OnboardTest" name="SelectAllProduct" time="4.115"/>
  <testcase classname="WalmartCaTest.OnboardTest" name="SelectAnyCollectionandClickOnImport" time="4.627"/>
  <testcase classname="WalmartCaTest.OnboardTest" name="SelectAnyvendorandClickOnImport" time="4.254"/>
  <testcase classname="WalmartCaTest.OnboardTest" name="SelectAnytypeandClickOnImport" time="4.069"/>
  <testcase classname="WalmartCaTest.OnboardTest" name="readMoreClickable" time="0.0">
    <ignored/>
  </testcase> <!-- readMoreClickable -->
  <testcase classname="WalmartCaTest.OnboardTest" name="verifyContactUS" time="0.0">
    <ignored/>
  </testcase> <!-- verifyContactUS -->
  <testcase classname="WalmartCaTest.OnboardTest" name="BothInvalid" time="0.0">
    <ignored/>
  </testcase> <!-- BothInvalid -->
  <testcase classname="WalmartCaTest.OnboardTest" name="uncheckCheckBox" time="0.0">
    <ignored/>
  </testcase> <!-- uncheckCheckBox -->
  <testcase classname="WalmartCaTest.OnboardTest" name="VerifyClickHereLink" time="0.0">
    <ignored/>
  </testcase> <!-- VerifyClickHereLink -->
  <testcase classname="WalmartCaTest.OnboardTest" name="checkCheckBox" time="0.0">
    <ignored/>
  </testcase> <!-- checkCheckBox -->
  <testcase classname="WalmartCaTest.OnboardTest" name="ImportOptionVisible" time="0.0">
    <ignored/>
  </testcase> <!-- ImportOptionVisible -->
  <testcase classname="WalmartCaTest.OnboardTest" name="SellerCenterClickable" time="0.0">
    <ignored/>
  </testcase> <!-- SellerCenterClickable -->
  <testcase classname="WalmartCaTest.OnboardTest" name="ClickOnApplyFilter" time="0.0">
    <ignored/>
  </testcase> <!-- ClickOnApplyFilter -->
  <testcase classname="WalmartCaTest.OnboardTest" name="IfSecretKeyIsgiven" time="0.0">
    <ignored/>
  </testcase> <!-- IfSecretKeyIsgiven -->
</testsuite> <!-- Test -->
