<?xml version="1.0" encoding="UTF-8"?>
<!-- Generated by org.testng.reporters.JUnitXMLReporter -->
<testsuite ignored="9" hostname="DESKTOP-JTCIL9C" failures="0" tests="6" name="Test" time="91.88" errors="0" timestamp="2023-09-26T22:29:43 IST">
  <testcase classname="WalmartCaTest.OnboardTest" name="VerifyStep1Link" time="61.853"/>
  <testcase classname="WalmartCaTest.OnboardTest" name="IfConsumeridIsgiven" time="3.289"/>
  <testcase classname="WalmartCaTest.OnboardTest" name="BothValid" time="7.824"/>
  <testcase classname="WalmartCaTest.OnboardTest" name="SelectAnyCollectionandClickOnImport" time="8.91"/>
  <testcase classname="WalmartCaTest.OnboardTest" name="SelectAnyvendorandClickOnImport" time="4.548"/>
  <testcase classname="WalmartCaTest.OnboardTest" name="SelectAnytypeandClickOnImport" time="5.315"/>
  <testcase classname="WalmartCaTest.OnboardTest" name="checkCheckBox" time="0.0">
    <ignored/>
  </testcase> <!-- checkCheckBox -->
  <testcase classname="WalmartCaTest.OnboardTest" name="ImportOptionVisible" time="0.0">
    <ignored/>
  </testcase> <!-- ImportOptionVisible -->
  <testcase classname="WalmartCaTest.OnboardTest" name="BothInvalid" time="0.0">
    <ignored/>
  </testcase> <!-- BothInvalid -->
  <testcase classname="WalmartCaTest.OnboardTest" name="uncheckCheckBox" time="0.0">
    <ignored/>
  </testcase> <!-- uncheckCheckBox -->
  <testcase classname="WalmartCaTest.OnboardTest" name="VerifyClickHereLink" time="0.0">
    <ignored/>
  </testcase> <!-- VerifyClickHereLink -->
  <testcase classname="WalmartCaTest.OnboardTest" name="readMoreClickable" time="0.0">
    <ignored/>
  </testcase> <!-- readMoreClickable -->
  <testcase classname="WalmartCaTest.OnboardTest" name="verifyContactUS" time="0.0">
    <ignored/>
  </testcase> <!-- verifyContactUS -->
  <testcase classname="WalmartCaTest.OnboardTest" name="SellerCenterClickable" time="0.0">
    <ignored/>
  </testcase> <!-- SellerCenterClickable -->
  <testcase classname="WalmartCaTest.OnboardTest" name="IfSecretKeyIsgiven" time="0.0">
    <ignored/>
  </testcase> <!-- IfSecretKeyIsgiven -->
</testsuite> <!-- Test -->
