<?xml version="1.0" encoding="UTF-8"?>
<!-- Generated by org.testng.reporters.JUnitXMLReporter -->
<testsuite ignored="0" hostname="DESKTOP-JTCIL9C" failures="16" tests="16" name="Test" time="21.154" errors="0" timestamp="2023-09-24T12:55:36 IST">
  <testcase classname="WalmartCaTest.OnboardTest" name="VerifyStep1Link" time="20.581">
    <failure type="org.openqa.selenium.NoSuchWindowException" message="no such window: target window already closed
from unknown error: web view not found
  (Session info: chrome=114.0.5735.199)
Build info: version: &amp;apos;4.9.1&amp;apos;, revision: &amp;apos;eb2032df7f&amp;apos;
System info: os.name: &amp;apos;Windows 10&amp;apos;, os.arch: &amp;apos;amd64&amp;apos;, os.version: &amp;apos;10.0&amp;apos;, java.version: &amp;apos;17.0.7&amp;apos;
Driver info: org.openqa.selenium.chrome.ChromeDriver
Command: [befdec8f66dc38156ddd170b208d2b59, findElement {using=id, value=account_email}]
Capabilities {acceptInsecureCerts: false, browserName: chrome, browserVersion: 114.0.5735.199, chrome: {chromedriverVersion: 114.0.5735.90 (386bc09e8f4f..., userDataDir: C:\Users\Rishabh\AppData\Lo...}, goog:chromeOptions: {debuggerAddress: localhost:54302}, networkConnectionEnabled: false, pageLoadStrategy: normal, platformName: windows, proxy: Proxy(), se:cdp: ws://localhost:54302/devtoo..., se:cdpVersion: 114.0.5735.199, setWindowRect: true, strictFileInteractability: false, timeouts: {implicit: 0, pageLoad: 300000, script: 30000}, unhandledPromptBehavior: dismiss and notify, webauthn:extension:credBlob: true, webauthn:extension:largeBlob: true, webauthn:extension:minPinLength: true, webauthn:extension:prf: true, webauthn:virtualAuthenticators: true}
Session ID: befdec8f66dc38156ddd170b208d2b59">
      <![CDATA[org.openqa.selenium.NoSuchWindowException: no such window: target window already closed
from unknown error: web view not found
  (Session info: chrome=114.0.5735.199)
Build info: version: '4.9.1', revision: 'eb2032df7f'
System info: os.name: 'Windows 10', os.arch: 'amd64', os.version: '10.0', java.version: '17.0.7'
Driver info: org.openqa.selenium.chrome.ChromeDriver
Command: [befdec8f66dc38156ddd170b208d2b59, findElement {using=id, value=account_email}]
Capabilities {acceptInsecureCerts: false, browserName: chrome, browserVersion: 114.0.5735.199, chrome: {chromedriverVersion: 114.0.5735.90 (386bc09e8f4f..., userDataDir: C:\Users\Rishabh\AppData\Lo...}, goog:chromeOptions: {debuggerAddress: localhost:54302}, networkConnectionEnabled: false, pageLoadStrategy: normal, platformName: windows, proxy: Proxy(), se:cdp: ws://localhost:54302/devtoo..., se:cdpVersion: 114.0.5735.199, setWindowRect: true, strictFileInteractability: false, timeouts: {implicit: 0, pageLoad: 300000, script: 30000}, unhandledPromptBehavior: dismiss and notify, webauthn:extension:credBlob: true, webauthn:extension:largeBlob: true, webauthn:extension:minPinLength: true, webauthn:extension:prf: true, webauthn:virtualAuthenticators: true}
Session ID: befdec8f66dc38156ddd170b208d2b59
at org.openqa.selenium.remote.codec.w3c.W3CHttpResponseCodec.createException(W3CHttpResponseCodec.java:200)
at org.openqa.selenium.remote.codec.w3c.W3CHttpResponseCodec.decode(W3CHttpResponseCodec.java:133)
at org.openqa.selenium.remote.codec.w3c.W3CHttpResponseCodec.decode(W3CHttpResponseCodec.java:53)
at org.openqa.selenium.remote.HttpCommandExecutor.execute(HttpCommandExecutor.java:193)
at org.openqa.selenium.remote.service.DriverCommandExecutor.invokeExecute(DriverCommandExecutor.java:183)
at org.openqa.selenium.remote.service.DriverCommandExecutor.execute(DriverCommandExecutor.java:158)
at org.openqa.selenium.remote.RemoteWebDriver.execute(RemoteWebDriver.java:543)
at org.openqa.selenium.remote.ElementLocation$ElementFinder$2.findElement(ElementLocation.java:162)
at org.openqa.selenium.remote.ElementLocation.findElement(ElementLocation.java:66)
at org.openqa.selenium.remote.RemoteWebDriver.findElement(RemoteWebDriver.java:352)
at org.openqa.selenium.remote.RemoteWebDriver.findElement(RemoteWebDriver.java:344)
at WalmartCa.PageObjects.launcherObject.runonOldStore(launcherObject.java:92)
at WalmartCa.PageObjects.launcherObject.launchApplication(launcherObject.java:34)
at WalmartCaTest.OnboardTest.VerifyStep1Link(OnboardTest.java:26)
at java.base/java.util.ArrayList.forEach(ArrayList.java:1511)
... Removed 32 stack frames]]>
    </failure>
  </testcase> <!-- VerifyStep1Link -->
  <testcase classname="WalmartCaTest.OnboardTest" name="VerifyClickHereLink" time="0.011">
    <failure type="java.lang.NullPointerException" message="Cannot invoke &amp;quot;WalmartCa.PageObjects.OnboardStep1Object.openClickHere()&amp;quot; because &amp;quot;this.obj1&amp;quot; is null">
      <![CDATA[java.lang.NullPointerException: Cannot invoke "WalmartCa.PageObjects.OnboardStep1Object.openClickHere()" because "this.obj1" is null
at WalmartCaTest.OnboardTest.VerifyClickHereLink(OnboardTest.java:37)
at java.base/java.util.ArrayList.forEach(ArrayList.java:1511)
... Removed 27 stack frames]]>
    </failure>
  </testcase> <!-- VerifyClickHereLink -->
  <testcase classname="WalmartCaTest.OnboardTest" name="verifyContactUS" time="0.015">
    <failure type="java.lang.NullPointerException" message="Cannot invoke &amp;quot;WalmartCa.PageObjects.OnboardStep1Object.openContactUs()&amp;quot; because &amp;quot;this.obj1&amp;quot; is null">
      <![CDATA[java.lang.NullPointerException: Cannot invoke "WalmartCa.PageObjects.OnboardStep1Object.openContactUs()" because "this.obj1" is null
at WalmartCaTest.OnboardTest.verifyContactUS(OnboardTest.java:46)
at java.base/java.util.ArrayList.forEach(ArrayList.java:1511)
... Removed 27 stack frames]]>
    </failure>
  </testcase> <!-- verifyContactUS -->
  <testcase classname="WalmartCaTest.OnboardTest" name="uncheckCheckBox" time="0.004">
    <failure type="java.lang.NullPointerException" message="Cannot invoke &amp;quot;WalmartCa.PageObjects.OnboardStep1Object.nextBtndis()&amp;quot; because &amp;quot;this.obj1&amp;quot; is null">
      <![CDATA[java.lang.NullPointerException: Cannot invoke "WalmartCa.PageObjects.OnboardStep1Object.nextBtndis()" because "this.obj1" is null
at WalmartCaTest.OnboardTest.uncheckCheckBox(OnboardTest.java:54)
at java.base/java.util.ArrayList.forEach(ArrayList.java:1511)
... Removed 27 stack frames]]>
    </failure>
  </testcase> <!-- uncheckCheckBox -->
  <testcase classname="WalmartCaTest.OnboardTest" name="checkCheckBox" time="0.002">
    <failure type="java.lang.NullPointerException" message="Cannot invoke &amp;quot;WalmartCa.PageObjects.OnboardStep1Object.nextBtnen()&amp;quot; because &amp;quot;this.obj1&amp;quot; is null">
      <![CDATA[java.lang.NullPointerException: Cannot invoke "WalmartCa.PageObjects.OnboardStep1Object.nextBtnen()" because "this.obj1" is null
at WalmartCaTest.OnboardTest.checkCheckBox(OnboardTest.java:63)
at java.base/java.util.ArrayList.forEach(ArrayList.java:1511)
... Removed 27 stack frames]]>
    </failure>
  </testcase> <!-- checkCheckBox -->
  <testcase classname="WalmartCaTest.OnboardTest" name="readMoreClickable" time="0.003">
    <failure type="java.lang.NullPointerException" message="Cannot invoke &amp;quot;WalmartCa.PageObjects.OnboardStep1Object.readmore()&amp;quot; because &amp;quot;this.obj1&amp;quot; is null">
      <![CDATA[java.lang.NullPointerException: Cannot invoke "WalmartCa.PageObjects.OnboardStep1Object.readmore()" because "this.obj1" is null
at WalmartCaTest.OnboardTest.readMoreClickable(OnboardTest.java:73)
at java.base/java.util.ArrayList.forEach(ArrayList.java:1511)
... Removed 27 stack frames]]>
    </failure>
  </testcase> <!-- readMoreClickable -->
  <testcase classname="WalmartCaTest.OnboardTest" name="SellerCenterClickable" time="0.01">
    <failure type="java.lang.NullPointerException" message="Cannot invoke &amp;quot;WalmartCa.PageObjects.OnboardStep1Object.sellerCenter()&amp;quot; because &amp;quot;this.obj1&amp;quot; is null">
      <![CDATA[java.lang.NullPointerException: Cannot invoke "WalmartCa.PageObjects.OnboardStep1Object.sellerCenter()" because "this.obj1" is null
at WalmartCaTest.OnboardTest.SellerCenterClickable(OnboardTest.java:81)
at java.base/java.util.ArrayList.forEach(ArrayList.java:1511)
... Removed 27 stack frames]]>
    </failure>
  </testcase> <!-- SellerCenterClickable -->
  <testcase classname="WalmartCaTest.OnboardTest" name="IfConsumeridIsgiven" time="0.008">
    <failure type="java.lang.NullPointerException" message="Cannot invoke &amp;quot;WalmartCa.PageObjects.OnboardStep1Object.fillCredientials(String, String)&amp;quot; because &amp;quot;this.obj1&amp;quot; is null">
      <![CDATA[java.lang.NullPointerException: Cannot invoke "WalmartCa.PageObjects.OnboardStep1Object.fillCredientials(String, String)" because "this.obj1" is null
at WalmartCaTest.OnboardTest.IfConsumeridIsgiven(OnboardTest.java:88)
at java.base/java.util.ArrayList.forEach(ArrayList.java:1511)
... Removed 27 stack frames]]>
    </failure>
  </testcase> <!-- IfConsumeridIsgiven -->
  <testcase classname="WalmartCaTest.OnboardTest" name="IfSecretKeyIsgiven" time="0.002">
    <failure type="java.lang.NullPointerException" message="Cannot invoke &amp;quot;WalmartCa.PageObjects.OnboardStep1Object.fillCredientials(String, String)&amp;quot; because &amp;quot;this.obj1&amp;quot; is null">
      <![CDATA[java.lang.NullPointerException: Cannot invoke "WalmartCa.PageObjects.OnboardStep1Object.fillCredientials(String, String)" because "this.obj1" is null
at WalmartCaTest.OnboardTest.IfSecretKeyIsgiven(OnboardTest.java:99)
at java.base/java.util.ArrayList.forEach(ArrayList.java:1511)
... Removed 27 stack frames]]>
    </failure>
  </testcase> <!-- IfSecretKeyIsgiven -->
  <testcase classname="WalmartCaTest.OnboardTest" name="BothInvalid" time="0.013">
    <failure type="java.lang.NullPointerException" message="Cannot invoke &amp;quot;WalmartCa.PageObjects.OnboardStep1Object.fillCredientials(String, String)&amp;quot; because &amp;quot;this.obj1&amp;quot; is null">
      <![CDATA[java.lang.NullPointerException: Cannot invoke "WalmartCa.PageObjects.OnboardStep1Object.fillCredientials(String, String)" because "this.obj1" is null
at WalmartCaTest.OnboardTest.BothInvalid(OnboardTest.java:110)
at java.base/java.util.ArrayList.forEach(ArrayList.java:1511)
... Removed 27 stack frames]]>
    </failure>
  </testcase> <!-- BothInvalid -->
  <testcase classname="WalmartCaTest.OnboardTest" name="BothValid" time="0.005">
    <failure type="java.lang.NullPointerException" message="Cannot invoke &amp;quot;WalmartCa.PageObjects.OnboardStep1Object.EnterStep2(String, String)&amp;quot; because &amp;quot;this.obj1&amp;quot; is null">
      <![CDATA[java.lang.NullPointerException: Cannot invoke "WalmartCa.PageObjects.OnboardStep1Object.EnterStep2(String, String)" because "this.obj1" is null
at WalmartCaTest.OnboardTest.BothValid(OnboardTest.java:121)
at java.base/java.util.ArrayList.forEach(ArrayList.java:1511)
... Removed 27 stack frames]]>
    </failure>
  </testcase> <!-- BothValid -->
  <testcase classname="WalmartCaTest.OnboardTest" name="ImportOptionVisible" time="0.008">
    <failure type="java.lang.NullPointerException" message="Cannot invoke &amp;quot;WalmartCa.PageObjects.OnboardStep2Object.openDropdown()&amp;quot; because &amp;quot;this.obj2&amp;quot; is null">
      <![CDATA[java.lang.NullPointerException: Cannot invoke "WalmartCa.PageObjects.OnboardStep2Object.openDropdown()" because "this.obj2" is null
at WalmartCaTest.OnboardTest.ImportOptionVisible(OnboardTest.java:127)
at java.base/java.util.ArrayList.forEach(ArrayList.java:1511)
... Removed 27 stack frames]]>
    </failure>
  </testcase> <!-- ImportOptionVisible -->
  <testcase classname="WalmartCaTest.OnboardTest" name="ClickOnApplyFilter" time="0.003">
    <failure type="java.lang.NullPointerException" message="Cannot invoke &amp;quot;WalmartCa.PageObjects.OnboardStep2Object.clickApplyFilter()&amp;quot; because &amp;quot;this.obj2&amp;quot; is null">
      <![CDATA[java.lang.NullPointerException: Cannot invoke "WalmartCa.PageObjects.OnboardStep2Object.clickApplyFilter()" because "this.obj2" is null
at WalmartCaTest.OnboardTest.ClickOnApplyFilter(OnboardTest.java:138)
at java.base/java.util.ArrayList.forEach(ArrayList.java:1511)
... Removed 27 stack frames]]>
    </failure>
  </testcase> <!-- ClickOnApplyFilter -->
  <testcase classname="WalmartCaTest.OnboardTest" name="selectProductType" time="0.003">
    <failure type="java.lang.NullPointerException" message="Cannot invoke &amp;quot;WalmartCa.PageObjects.OnboardStep2Object.selectProductType()&amp;quot; because &amp;quot;this.obj2&amp;quot; is null">
      <![CDATA[java.lang.NullPointerException: Cannot invoke "WalmartCa.PageObjects.OnboardStep2Object.selectProductType()" because "this.obj2" is null
at WalmartCaTest.OnboardTest.selectProductType(OnboardTest.java:149)
at java.base/java.util.ArrayList.forEach(ArrayList.java:1511)
... Removed 27 stack frames]]>
    </failure>
  </testcase> <!-- selectProductType -->
  <testcase classname="WalmartCaTest.OnboardTest" name="selectProductVendor" time="0.012">
    <failure type="java.lang.NullPointerException" message="Cannot invoke &amp;quot;WalmartCa.PageObjects.OnboardStep2Object.selectProductVendor()&amp;quot; because &amp;quot;this.obj2&amp;quot; is null">
      <![CDATA[java.lang.NullPointerException: Cannot invoke "WalmartCa.PageObjects.OnboardStep2Object.selectProductVendor()" because "this.obj2" is null
at WalmartCaTest.OnboardTest.selectProductVendor(OnboardTest.java:156)
at java.base/java.util.ArrayList.forEach(ArrayList.java:1511)
... Removed 27 stack frames]]>
    </failure>
  </testcase> <!-- selectProductVendor -->
  <testcase classname="WalmartCaTest.OnboardTest" name="selectCollection" time="0.002">
    <failure type="java.lang.NullPointerException" message="Cannot invoke &amp;quot;WalmartCa.PageObjects.OnboardStep2Object.selectCollection()&amp;quot; because &amp;quot;this.obj2&amp;quot; is null">
      <![CDATA[java.lang.NullPointerException: Cannot invoke "WalmartCa.PageObjects.OnboardStep2Object.selectCollection()" because "this.obj2" is null
at WalmartCaTest.OnboardTest.selectCollection(OnboardTest.java:163)
at java.base/java.util.ArrayList.forEach(ArrayList.java:1511)
... Removed 27 stack frames]]>
    </failure>
  </testcase> <!-- selectCollection -->
</testsuite> <!-- Test -->
