<?xml version="1.0" encoding="UTF-8"?>
<!-- Generated by org.testng.reporters.JUnitXMLReporter -->
<testsuite ignored="3" hostname="DESKTOP-JTCIL9C" failures="0" tests="6" name="Test" time="252.511" errors="0" timestamp="2023-10-02T22:44:57 IST">
  <testcase classname="WalmartCaTest.OnboardTest" name="VerifyStep1Link" time="59.599"/>
  <testcase classname="WalmartCaTest.OnboardTest" name="BothValid" time="6.239"/>
  <testcase classname="WalmartCaTest.OnboardTest" name="VerifyNextButtonBytype" time="32.148"/>
  <testcase classname="WalmartCaTest.OnboardTest" name="VerifyValidationForRequiredAttributes" time="15.028"/>
  <testcase classname="WalmartCaTest.OnboardTest" name="CheckSkipandContinueBtnisVisible" time="65.592"/>
  <testcase classname="WalmartCaTest.OnboardTest" name="CheckSkipandContinueBtnisredirecting" time="73.799"/>
  <testcase classname="WalmartCaTest.OnboardTest" name="VerifyClickHereLink" time="0.0">
    <ignored/>
  </testcase> <!-- VerifyClickHereLink -->
  <testcase classname="WalmartCaTest.OnboardTest" name="VerifyCategoryDropdown" time="0.0">
    <ignored/>
  </testcase> <!-- VerifyCategoryDropdown -->
  <testcase classname="WalmartCaTest.OnboardTest" name="VerifyValidationtext" time="0.0">
    <ignored/>
  </testcase> <!-- VerifyValidationtext -->
</testsuite> <!-- Test -->
