<?xml version="1.0" encoding="UTF-8"?>
<!-- Generated by org.testng.reporters.JUnitXMLReporter -->
<testsuite ignored="10" hostname="rishabh-1853" failures="2" tests="11" name="Test" time="142.055" errors="0" timestamp="2023-09-25T21:13:44 IST">
  <testcase classname="WalmartCaTest.OnboardTest" name="VerifyStep1Link" time="48.11"/>
  <testcase classname="WalmartCaTest.OnboardTest" name="IfConsumeridIsgiven" time="4.483"/>
  <testcase classname="WalmartCaTest.OnboardTest" name="BothValid" time="6.493"/>
  <testcase classname="WalmartCaTest.OnboardTest" name="selectProductType" time="65.743"/>
  <testcase classname="WalmartCaTest.OnboardTest" name="selectProductVendor" time="4.188"/>
  <testcase classname="WalmartCaTest.OnboardTest" name="selectCollection" time="3.723"/>
  <testcase classname="WalmartCaTest.OnboardTest" name="SelectPublishProduct" time="2.908"/>
  <testcase classname="WalmartCaTest.OnboardTest" name="SelectAllProduct" time="2.491"/>
  <testcase classname="WalmartCaTest.OnboardTest" name="SelectAnyCollectionandClickOnImport" time="0.009">
    <failure type="java.lang.Error" message="Unresolved compilation problem: 
	Syntax error on token &amp;quot;&amp;gt;&amp;quot;, VariableDeclaratorId expected after this token
">
      <![CDATA[java.lang.Error: Unresolved compilation problem: 
Syntax error on token ">", VariableDeclaratorId expected after this token

at WalmartCa.PageObjects.OnboardStep2Object.ImportBycollection(OnboardStep2Object.java:219)
at WalmartCaTest.OnboardTest.SelectAnyCollectionandClickOnImport(OnboardTest.java:186)
at java.base/java.util.ArrayList.forEach(ArrayList.java:1511)
... Removed 27 stack frames]]>
    </failure>
  </testcase> <!-- SelectAnyCollectionandClickOnImport -->
  <testcase classname="WalmartCaTest.OnboardTest" name="SelectAnyvendorandClickOnImport" time="0.001">
    <failure type="java.lang.Error" message="Unresolved compilation problem: 
	Syntax error on token &amp;quot;&amp;gt;&amp;quot;, VariableDeclaratorId expected after this token
">
      <![CDATA[java.lang.Error: Unresolved compilation problem: 
Syntax error on token ">", VariableDeclaratorId expected after this token

at WalmartCa.PageObjects.OnboardStep2Object.ImportByVendor(OnboardStep2Object.java:212)
at WalmartCaTest.OnboardTest.SelectAnyvendorandClickOnImport(OnboardTest.java:193)
at java.base/java.util.ArrayList.forEach(ArrayList.java:1511)
... Removed 27 stack frames]]>
    </failure>
  </testcase> <!-- SelectAnyvendorandClickOnImport -->
  <testcase classname="WalmartCaTest.OnboardTest" name="SelectAnytypeandClickOnImport" time="3.77"/>
  <testcase classname="WalmartCaTest.OnboardTest" name="readMoreClickable" time="0.0">
    <ignored/>
  </testcase> <!-- readMoreClickable -->
  <testcase classname="WalmartCaTest.OnboardTest" name="verifyContactUS" time="0.0">
    <ignored/>
  </testcase> <!-- verifyContactUS -->
  <testcase classname="WalmartCaTest.OnboardTest" name="BothInvalid" time="0.0">
    <ignored/>
  </testcase> <!-- BothInvalid -->
  <testcase classname="WalmartCaTest.OnboardTest" name="uncheckCheckBox" time="0.0">
    <ignored/>
  </testcase> <!-- uncheckCheckBox -->
  <testcase classname="WalmartCaTest.OnboardTest" name="VerifyClickHereLink" time="0.0">
    <ignored/>
  </testcase> <!-- VerifyClickHereLink -->
  <testcase classname="WalmartCaTest.OnboardTest" name="checkCheckBox" time="0.0">
    <ignored/>
  </testcase> <!-- checkCheckBox -->
  <testcase classname="WalmartCaTest.OnboardTest" name="ImportOptionVisible" time="0.0">
    <ignored/>
  </testcase> <!-- ImportOptionVisible -->
  <testcase classname="WalmartCaTest.OnboardTest" name="SellerCenterClickable" time="0.0">
    <ignored/>
  </testcase> <!-- SellerCenterClickable -->
  <testcase classname="WalmartCaTest.OnboardTest" name="ClickOnApplyFilter" time="0.0">
    <ignored/>
  </testcase> <!-- ClickOnApplyFilter -->
  <testcase classname="WalmartCaTest.OnboardTest" name="IfSecretKeyIsgiven" time="0.0">
    <ignored/>
  </testcase> <!-- IfSecretKeyIsgiven -->
</testsuite> <!-- Test -->
