<?xml version="1.0" encoding="UTF-8"?>
<!-- Generated by org.testng.reporters.JUnitXMLReporter -->
<testsuite ignored="6" hostname="DESKTOP-JTCIL9C" failures="0" tests="4" name="Test" time="128.685" errors="0" timestamp="2023-10-04T22:14:27 IST">
  <testcase classname="WalmartCaTest.OnboardTest" name="VerifyStep1Link" time="64.98"/>
  <testcase classname="WalmartCaTest.OnboardTest" name="BothValid" time="7.392"/>
  <testcase classname="WalmartCaTest.OnboardTest" name="VerifyNextButtonBytype" time="34.478"/>
  <testcase classname="WalmartCaTest.OnboardTest" name="verifyDefaultProfile" time="21.72"/>
  <testcase classname="WalmartCaTest.OnboardTest" name="VerifyClickHereLink" time="0.0">
    <ignored/>
  </testcase> <!-- VerifyClickHereLink -->
  <testcase classname="WalmartCaTest.OnboardTest" name="CheckSkipandContinueBtnisredirecting" time="0.0">
    <ignored/>
  </testcase> <!-- CheckSkipandContinueBtnisredirecting -->
  <testcase classname="WalmartCaTest.OnboardTest" name="VerifyValidationtext" time="0.0">
    <ignored/>
  </testcase> <!-- VerifyValidationtext -->
  <testcase classname="WalmartCaTest.OnboardTest" name="VerifyCategoryDropdown" time="0.0">
    <ignored/>
  </testcase> <!-- VerifyCategoryDropdown -->
  <testcase classname="WalmartCaTest.OnboardTest" name="CheckSkipandContinueBtnisVisible" time="0.0">
    <ignored/>
  </testcase> <!-- CheckSkipandContinueBtnisVisible -->
  <testcase classname="WalmartCaTest.OnboardTest" name="VerifyValidationForRequiredAttributes" time="0.0">
    <ignored/>
  </testcase> <!-- VerifyValidationForRequiredAttributes -->
</testsuite> <!-- Test -->
