<?xml version="1.0" encoding="UTF-8"?>
<!-- Generated by org.testng.reporters.JUnitXMLReporter -->
<testsuite ignored="11" hostname="DESKTOP-JTCIL9C" failures="0" tests="13" name="Test" time="166.506" errors="0" timestamp="2023-09-28T21:10:40 IST">
  <testcase classname="WalmartCaTest.OnboardTest" name="VerifyStep1Link" time="65.4"/>
  <testcase classname="WalmartCaTest.OnboardTest" name="BothValid" time="8.153"/>
  <testcase classname="WalmartCaTest.OnboardTest" name="selectProductType" time="10.266"/>
  <testcase classname="WalmartCaTest.OnboardTest" name="selectProductVendor" time="6.096"/>
  <testcase classname="WalmartCaTest.OnboardTest" name="selectCollection" time="6.238"/>
  <testcase classname="WalmartCaTest.OnboardTest" name="SelectPublishProduct" time="3.041"/>
  <testcase classname="WalmartCaTest.OnboardTest" name="SelectAllProduct" time="3.032"/>
  <testcase classname="WalmartCaTest.OnboardTest" name="SelectAnyCollectionandClickOnImport" time="6.771"/>
  <testcase classname="WalmartCaTest.OnboardTest" name="SelectAnyvendorandClickOnImport" time="7.024"/>
  <testcase classname="WalmartCaTest.OnboardTest" name="SelectAnytypeandClickOnImport" time="6.732"/>
  <testcase classname="WalmartCaTest.OnboardTest" name="InstantImportViaCollection" time="11.499"/>
  <testcase classname="WalmartCaTest.OnboardTest" name="InstantImportViaVendor" time="21.765"/>
  <testcase classname="WalmartCaTest.OnboardTest" name="InstantImportViatype" time="10.247"/>
  <testcase classname="WalmartCaTest.OnboardTest" name="BothInvalid" time="0.0">
    <ignored/>
  </testcase> <!-- BothInvalid -->
  <testcase classname="WalmartCaTest.OnboardTest" name="readMoreClickable" time="0.0">
    <ignored/>
  </testcase> <!-- readMoreClickable -->
  <testcase classname="WalmartCaTest.OnboardTest" name="ImportOptionVisible" time="0.0">
    <ignored/>
  </testcase> <!-- ImportOptionVisible -->
  <testcase classname="WalmartCaTest.OnboardTest" name="uncheckCheckBox" time="0.0">
    <ignored/>
  </testcase> <!-- uncheckCheckBox -->
  <testcase classname="WalmartCaTest.OnboardTest" name="checkCheckBox" time="0.0">
    <ignored/>
  </testcase> <!-- checkCheckBox -->
  <testcase classname="WalmartCaTest.OnboardTest" name="SellerCenterClickable" time="0.0">
    <ignored/>
  </testcase> <!-- SellerCenterClickable -->
  <testcase classname="WalmartCaTest.OnboardTest" name="ClickOnApplyFilter" time="0.0">
    <ignored/>
  </testcase> <!-- ClickOnApplyFilter -->
  <testcase classname="WalmartCaTest.OnboardTest" name="VerifyClickHereLink" time="0.0">
    <ignored/>
  </testcase> <!-- VerifyClickHereLink -->
  <testcase classname="WalmartCaTest.OnboardTest" name="IfConsumeridIsgiven" time="0.0">
    <ignored/>
  </testcase> <!-- IfConsumeridIsgiven -->
  <testcase classname="WalmartCaTest.OnboardTest" name="verifyContactUS" time="0.0">
    <ignored/>
  </testcase> <!-- verifyContactUS -->
  <testcase classname="WalmartCaTest.OnboardTest" name="IfSecretKeyIsgiven" time="0.0">
    <ignored/>
  </testcase> <!-- IfSecretKeyIsgiven -->
</testsuite> <!-- Test -->
