<?xml version="1.0" encoding="UTF-8"?>
<!-- Generated by org.testng.reporters.JUnitXMLReporter -->
<testsuite ignored="6" hostname="DESKTOP-JTCIL9C" failures="0" tests="3" name="Test" time="104.402" errors="0" timestamp="2023-10-07T23:27:29 IST">
  <testcase classname="WalmartCaTest.OnboardTest" name="VerifyStep1Link" time="62.031"/>
  <testcase classname="WalmartCaTest.OnboardTest" name="BothValid" time="6.969"/>
  <testcase classname="WalmartCaTest.OnboardTest" name="VerifyNextButtonBytype" time="32.379"/>
  <testcase classname="WalmartCaTest.OnboardTest" name="VerifyValidationForRequiredAttributes" time="0.0">
    <ignored/>
  </testcase> <!-- VerifyValidationForRequiredAttributes -->
  <testcase classname="WalmartCaTest.OnboardTest" name="VerifyClickHereLink" time="0.0">
    <ignored/>
  </testcase> <!-- VerifyClickHereLink -->
  <testcase classname="WalmartCaTest.OnboardTest" name="VerifyCategoryDropdown" time="0.0">
    <ignored/>
  </testcase> <!-- VerifyCategoryDropdown -->
  <testcase classname="WalmartCaTest.OnboardTest" name="CheckSkipandContinueBtnisVisible" time="0.0">
    <ignored/>
  </testcase> <!-- CheckSkipandContinueBtnisVisible -->
  <testcase classname="WalmartCaTest.OnboardTest" name="CheckSkipandContinueBtnisredirecting" time="0.0">
    <ignored/>
  </testcase> <!-- CheckSkipandContinueBtnisredirecting -->
  <testcase classname="WalmartCaTest.OnboardTest" name="VerifyValidationtext" time="0.0">
    <ignored/>
  </testcase> <!-- VerifyValidationtext -->
</testsuite> <!-- Test -->
