<?xml version="1.0" encoding="UTF-8"?>
<!-- Generated by org.testng.reporters.JUnitXMLReporter -->
<testsuite ignored="33" hostname="rishabh-1853" failures="0" tests="3" name="Test" time="145.393" errors="0" timestamp="2023-09-30T19:29:55 IST">
  <testcase classname="WalmartCaTest.OnboardTest" name="VerifyStep1Link" time="48.323"/>
  <testcase classname="WalmartCaTest.OnboardTest" name="BothValid" time="7.836"/>
  <testcase classname="WalmartCaTest.OnboardTest" name="InstantImportViaVendor" time="89.156"/>
  <testcase classname="WalmartCaTest.OnboardTest" name="selectProductType" time="0.0">
    <ignored/>
  </testcase> <!-- selectProductType -->
  <testcase classname="WalmartCaTest.OnboardTest" name="selectProductVendor" time="0.0">
    <ignored/>
  </testcase> <!-- selectProductVendor -->
  <testcase classname="WalmartCaTest.OnboardTest" name="VerifyNextButtonBytype" time="0.0">
    <ignored/>
  </testcase> <!-- VerifyNextButtonBytype -->
  <testcase classname="WalmartCaTest.OnboardTest" name="SelectPublishProduct" time="0.0">
    <ignored/>
  </testcase> <!-- SelectPublishProduct -->
  <testcase classname="WalmartCaTest.OnboardTest" name="SelectAnyvendorandClickOnImport" time="0.0">
    <ignored/>
  </testcase> <!-- SelectAnyvendorandClickOnImport -->
  <testcase classname="WalmartCaTest.OnboardTest" name="SelectAnytypeandClickOnImport" time="0.0">
    <ignored/>
  </testcase> <!-- SelectAnytypeandClickOnImport -->
  <testcase classname="WalmartCaTest.OnboardTest" name="uncheckCheckBox" time="0.0">
    <ignored/>
  </testcase> <!-- uncheckCheckBox -->
  <testcase classname="WalmartCaTest.OnboardTest" name="VerifyNextButtonAllProduct" time="0.0">
    <ignored/>
  </testcase> <!-- VerifyNextButtonAllProduct -->
  <testcase classname="WalmartCaTest.OnboardTest" name="InstantAllImport" time="0.0">
    <ignored/>
  </testcase> <!-- InstantAllImport -->
  <testcase classname="WalmartCaTest.OnboardTest" name="ClickOnApplyFilter" time="0.0">
    <ignored/>
  </testcase> <!-- ClickOnApplyFilter -->
  <testcase classname="WalmartCaTest.OnboardTest" name="IfConsumeridIsgiven" time="0.0">
    <ignored/>
  </testcase> <!-- IfConsumeridIsgiven -->
  <testcase classname="WalmartCaTest.OnboardTest" name="verifyContactUS" time="0.0">
    <ignored/>
  </testcase> <!-- verifyContactUS -->
  <testcase classname="WalmartCaTest.OnboardTest" name="BackendImportviaType" time="0.0">
    <ignored/>
  </testcase> <!-- BackendImportviaType -->
  <testcase classname="WalmartCaTest.OnboardTest" name="InstantImportViaCollection" time="0.0">
    <ignored/>
  </testcase> <!-- InstantImportViaCollection -->
  <testcase classname="WalmartCaTest.OnboardTest" name="VerifyNextButtonByCollection" time="0.0">
    <ignored/>
  </testcase> <!-- VerifyNextButtonByCollection -->
  <testcase classname="WalmartCaTest.OnboardTest" name="BothInvalid" time="0.0">
    <ignored/>
  </testcase> <!-- BothInvalid -->
  <testcase classname="WalmartCaTest.OnboardTest" name="BackendImportviaVendor" time="0.0">
    <ignored/>
  </testcase> <!-- BackendImportviaVendor -->
  <testcase classname="WalmartCaTest.OnboardTest" name="AllBackendImport" time="0.0">
    <ignored/>
  </testcase> <!-- AllBackendImport -->
  <testcase classname="WalmartCaTest.OnboardTest" name="ImportOptionVisible" time="0.0">
    <ignored/>
  </testcase> <!-- ImportOptionVisible -->
  <testcase classname="WalmartCaTest.OnboardTest" name="SelectAllProduct" time="0.0">
    <ignored/>
  </testcase> <!-- SelectAllProduct -->
  <testcase classname="WalmartCaTest.OnboardTest" name="SellerCenterClickable" time="0.0">
    <ignored/>
  </testcase> <!-- SellerCenterClickable -->
  <testcase classname="WalmartCaTest.OnboardTest" name="InstantImportViatype" time="0.0">
    <ignored/>
  </testcase> <!-- InstantImportViatype -->
  <testcase classname="WalmartCaTest.OnboardTest" name="VerifyNextButtonByVendor" time="0.0">
    <ignored/>
  </testcase> <!-- VerifyNextButtonByVendor -->
  <testcase classname="WalmartCaTest.OnboardTest" name="IfSecretKeyIsgiven" time="0.0">
    <ignored/>
  </testcase> <!-- IfSecretKeyIsgiven -->
  <testcase classname="WalmartCaTest.OnboardTest" name="BackendImportviaCollection" time="0.0">
    <ignored/>
  </testcase> <!-- BackendImportviaCollection -->
  <testcase classname="WalmartCaTest.OnboardTest" name="readMoreClickable" time="0.0">
    <ignored/>
  </testcase> <!-- readMoreClickable -->
  <testcase classname="WalmartCaTest.OnboardTest" name="VerifyClickHereLink" time="0.0">
    <ignored/>
  </testcase> <!-- VerifyClickHereLink -->
  <testcase classname="WalmartCaTest.OnboardTest" name="checkCheckBox" time="0.0">
    <ignored/>
  </testcase> <!-- checkCheckBox -->
  <testcase classname="WalmartCaTest.OnboardTest" name="SelectAnyCollectionandClickOnImport" time="0.0">
    <ignored/>
  </testcase> <!-- SelectAnyCollectionandClickOnImport -->
  <testcase classname="WalmartCaTest.OnboardTest" name="InstantPublishImport" time="0.0">
    <ignored/>
  </testcase> <!-- InstantPublishImport -->
  <testcase classname="WalmartCaTest.OnboardTest" name="PublishBackendImport" time="0.0">
    <ignored/>
  </testcase> <!-- PublishBackendImport -->
  <testcase classname="WalmartCaTest.OnboardTest" name="selectCollection" time="0.0">
    <ignored/>
  </testcase> <!-- selectCollection -->
  <testcase classname="WalmartCaTest.OnboardTest" name="VerifyNextButtonPublish" time="0.0">
    <ignored/>
  </testcase> <!-- VerifyNextButtonPublish -->
</testsuite> <!-- Test -->
