<?xml version="1.0" encoding="UTF-8"?>
<!-- Generated by org.testng.reporters.JUnitXMLReporter -->
<testsuite ignored="10" hostname="DESKTOP-JTCIL9C" failures="1" tests="11" name="Test" time="175.148" errors="0" timestamp="2023-09-24T22:35:35 IST">
  <testcase classname="WalmartCaTest.OnboardTest" name="VerifyStep1Link" time="61.374"/>
  <testcase classname="WalmartCaTest.OnboardTest" name="IfConsumeridIsgiven" time="3.41"/>
  <testcase classname="WalmartCaTest.OnboardTest" name="BothValid" time="7.545"/>
  <testcase classname="WalmartCaTest.OnboardTest" name="selectProductType" time="22.596"/>
  <testcase classname="WalmartCaTest.OnboardTest" name="selectProductVendor" time="50.829">
    <failure type="java.lang.AssertionError" message="ProductVendor options are not showing expected [true] but found [false]">
      <![CDATA[java.lang.AssertionError: ProductVendor options are not showing expected [true] but found [false]
at WalmartCaTest.OnboardTest.selectProductVendor(OnboardTest.java:158)
at java.base/java.util.ArrayList.forEach(ArrayList.java:1511)
... Removed 30 stack frames]]>
    </failure>
  </testcase> <!-- selectProductVendor -->
  <testcase classname="WalmartCaTest.OnboardTest" name="selectCollection" time="7.47"/>
  <testcase classname="WalmartCaTest.OnboardTest" name="SelectPublishProduct" time="3.154"/>
  <testcase classname="WalmartCaTest.OnboardTest" name="SelectAllProduct" time="3.283"/>
  <testcase classname="WalmartCaTest.OnboardTest" name="SelectAnyCollectionandClickOnImport" time="5.446"/>
  <testcase classname="WalmartCaTest.OnboardTest" name="SelectAnyvendorandClickOnImport" time="4.774"/>
  <testcase classname="WalmartCaTest.OnboardTest" name="SelectAnytypeandClickOnImport" time="5.076"/>
  <testcase classname="WalmartCaTest.OnboardTest" name="readMoreClickable" time="0.0">
    <ignored/>
  </testcase> <!-- readMoreClickable -->
  <testcase classname="WalmartCaTest.OnboardTest" name="verifyContactUS" time="0.0">
    <ignored/>
  </testcase> <!-- verifyContactUS -->
  <testcase classname="WalmartCaTest.OnboardTest" name="BothInvalid" time="0.0">
    <ignored/>
  </testcase> <!-- BothInvalid -->
  <testcase classname="WalmartCaTest.OnboardTest" name="uncheckCheckBox" time="0.0">
    <ignored/>
  </testcase> <!-- uncheckCheckBox -->
  <testcase classname="WalmartCaTest.OnboardTest" name="VerifyClickHereLink" time="0.0">
    <ignored/>
  </testcase> <!-- VerifyClickHereLink -->
  <testcase classname="WalmartCaTest.OnboardTest" name="checkCheckBox" time="0.0">
    <ignored/>
  </testcase> <!-- checkCheckBox -->
  <testcase classname="WalmartCaTest.OnboardTest" name="ImportOptionVisible" time="0.0">
    <ignored/>
  </testcase> <!-- ImportOptionVisible -->
  <testcase classname="WalmartCaTest.OnboardTest" name="SellerCenterClickable" time="0.0">
    <ignored/>
  </testcase> <!-- SellerCenterClickable -->
  <testcase classname="WalmartCaTest.OnboardTest" name="ClickOnApplyFilter" time="0.0">
    <ignored/>
  </testcase> <!-- ClickOnApplyFilter -->
  <testcase classname="WalmartCaTest.OnboardTest" name="IfSecretKeyIsgiven" time="0.0">
    <ignored/>
  </testcase> <!-- IfSecretKeyIsgiven -->
</testsuite> <!-- Test -->
