<?xml version="1.0" encoding="UTF-8"?>
<!-- Generated by org.testng.reporters.JUnitXMLReporter -->
<testsuite ignored="11" hostname="DESKTOP-JTCIL9C" failures="0" tests="13" name="Test" time="157.887" errors="0" timestamp="2023-09-27T22:31:30 IST">
  <testcase classname="WalmartCaTest.OnboardTest" name="VerifyStep1Link" time="59.979"/>
  <testcase classname="WalmartCaTest.OnboardTest" name="BothValid" time="7.913"/>
  <testcase classname="WalmartCaTest.OnboardTest" name="selectProductType" time="9.169"/>
  <testcase classname="WalmartCaTest.OnboardTest" name="selectProductVendor" time="6.088"/>
  <testcase classname="WalmartCaTest.OnboardTest" name="selectCollection" time="7.39"/>
  <testcase classname="WalmartCaTest.OnboardTest" name="SelectPublishProduct" time="3.07"/>
  <testcase classname="WalmartCaTest.OnboardTest" name="SelectAllProduct" time="3.099"/>
  <testcase classname="WalmartCaTest.OnboardTest" name="SelectAnyCollectionandClickOnImport" time="6.97"/>
  <testcase classname="WalmartCaTest.OnboardTest" name="SelectAnyvendorandClickOnImport" time="7.067"/>
  <testcase classname="WalmartCaTest.OnboardTest" name="SelectAnytypeandClickOnImport" time="6.959"/>
  <testcase classname="WalmartCaTest.OnboardTest" name="InstantImportViaCollection" time="10.313"/>
  <testcase classname="WalmartCaTest.OnboardTest" name="InstantImportViaVendor" time="20.042"/>
  <testcase classname="WalmartCaTest.OnboardTest" name="InstantImportViatype" time="9.671"/>
  <testcase classname="WalmartCaTest.OnboardTest" name="BothInvalid" time="0.0">
    <ignored/>
  </testcase> <!-- BothInvalid -->
  <testcase classname="WalmartCaTest.OnboardTest" name="readMoreClickable" time="0.0">
    <ignored/>
  </testcase> <!-- readMoreClickable -->
  <testcase classname="WalmartCaTest.OnboardTest" name="ImportOptionVisible" time="0.0">
    <ignored/>
  </testcase> <!-- ImportOptionVisible -->
  <testcase classname="WalmartCaTest.OnboardTest" name="uncheckCheckBox" time="0.0">
    <ignored/>
  </testcase> <!-- uncheckCheckBox -->
  <testcase classname="WalmartCaTest.OnboardTest" name="checkCheckBox" time="0.0">
    <ignored/>
  </testcase> <!-- checkCheckBox -->
  <testcase classname="WalmartCaTest.OnboardTest" name="SellerCenterClickable" time="0.0">
    <ignored/>
  </testcase> <!-- SellerCenterClickable -->
  <testcase classname="WalmartCaTest.OnboardTest" name="ClickOnApplyFilter" time="0.0">
    <ignored/>
  </testcase> <!-- ClickOnApplyFilter -->
  <testcase classname="WalmartCaTest.OnboardTest" name="VerifyClickHereLink" time="0.0">
    <ignored/>
  </testcase> <!-- VerifyClickHereLink -->
  <testcase classname="WalmartCaTest.OnboardTest" name="IfConsumeridIsgiven" time="0.0">
    <ignored/>
  </testcase> <!-- IfConsumeridIsgiven -->
  <testcase classname="WalmartCaTest.OnboardTest" name="verifyContactUS" time="0.0">
    <ignored/>
  </testcase> <!-- verifyContactUS -->
  <testcase classname="WalmartCaTest.OnboardTest" name="IfSecretKeyIsgiven" time="0.0">
    <ignored/>
  </testcase> <!-- IfSecretKeyIsgiven -->
</testsuite> <!-- Test -->
