<?xml version="1.0" encoding="UTF-8"?>
<testng-results ignored="0" total="3" passed="3" failed="0" skipped="0">
  <reporter-output>
  </reporter-output>
  <suite started-at="2023-09-30T19:27:29 IST" name="Suite" finished-at="2023-09-30T19:29:54 IST" duration-ms="145393">
    <groups>
    </groups>
    <test started-at="2023-09-30T19:27:29 IST" name="Test" finished-at="2023-09-30T19:29:54 IST" duration-ms="145393">
      <class name="WalmartCaTest.OnboardTest">
        <test-method signature="VerifyStep1Link()[pri:1, instance:WalmartCaTest.OnboardTest@38145825]" started-at="2023-09-30T19:27:29 IST" name="VerifyStep1Link" finished-at="2023-09-30T19:28:17 IST" duration-ms="48323" status="PASS">
          <reporter-output>
          </reporter-output>
        </test-method> <!-- VerifyStep1Link -->
        <test-method signature="BothValid()[pri:11, instance:WalmartCaTest.OnboardTest@38145825]" started-at="2023-09-30T19:28:17 IST" name="BothValid" finished-at="2023-09-30T19:28:25 IST" duration-ms="7836" status="PASS">
          <reporter-output>
          </reporter-output>
        </test-method> <!-- BothValid -->
        <test-method signature="InstantImportViaVendor()[pri:23, instance:WalmartCaTest.OnboardTest@38145825]" started-at="2023-09-30T19:28:25 IST" name="InstantImportViaVendor" finished-at="2023-09-30T19:29:54 IST" duration-ms="89156" status="PASS">
          <reporter-output>
          </reporter-output>
        </test-method> <!-- InstantImportViaVendor -->
      </class> <!-- WalmartCaTest.OnboardTest -->
    </test> <!-- Test -->
  </suite> <!-- Suite -->
</testng-results>
